Sufian Abedrabbo,0
Marwan Abualrub,0
Khalid Al Ali,2
Mayssa Hachem Al Galib,0
Mariam Helal Al Hanai,0
Dirar Al Homouz,0
Emad Al Hseinat,0
Mohammed Saad Abdulla Al Kobaisi,0
Yousuf Al Salami,0
Eman Al Sarairah,0
Maryam Rashed Al Shehhi,0
Ahmed Al Shoaibi,0
Mohammad A. Al Shudeifat,0
Wael Samir Al Sokkary,0
Ahmed Rashed Kulaib Al Tunaiji,0
Omar Al Zaabi,0
Ebrahim Al-Hajri,0
Hasan Al-Marzouqi,0
Ameena Saad Al-Sumaiti,0
Hanifa AlBlooshi,0
Waleed Salem Karama Alameri,0
Mohamed Ibrahim Hassan Ali,0
Nazar Thamer Ali,0
Mohammed Yusuf Ali,0
Jessica Allred,0
Ali Almansoori,0
Saed Talib Amer,0
Yousef Amer,0
Ahmed Ameur,0
Alliya Rose Anderson,0
Anthony Robert Archdeacon,0
Hagop Aynedjian,0
Balanthi Abdul Rahiman Beig,0
Hadi Arbi Belhaj,0
Meriem Bildsten,0
Denis Blouin,0
Fateh Bouchaala,0
Haider Butt,0
Jorge Manuel Miranda Dias,0
Khaled Dib,0
Ludovic F. Dumée,0
Bashar Sami El-Khasawneh,0
Reyad El-Khazali,2
Ehab Fahmy El-Sadaany,0
Ahmed ElSheakh,0
Imad Elayna,0
Ibrahim Mohammad Elfadel,0
Mutasem El Fadel,0
Samuel Feng,0
Francois Foulon,0
Adriana Felicia Gabor,0
Glenda El Gamal,2
Kevin Garvey,0
Berihu Teklu Gebrehiwot,0
Bisweswar Ghosh,0
Noureddine Harid,0
Mohamed Raeef Mohamed Haroun,0
Nabee Hasheem,0
MD Didarul Islam,2
Hussam El Jammal,0
Firas Jarrar,0
Shihab Jimaa,0
Mohamed Amine Khamsi,0
Kamran Ahmed Khan,0
Fedor Vasilievich Kusmartsev,0
Jean-Francois (Jeff) Lafortune,0
Donald Langille,0
Panagiotis (Panos) Liatsis,0
Jang Shee Barry Lin,0
Szu Szu Ling,0
Jennie Lou,0
Gisha Elizabeth Luckachan,0
Samuel Mao,0
Neville Martin,0
Mary Mcdermott,0
Mohamed Infas Haja Mohideen,0
Valentine Joseph Moran,0
Asma Mughrabi,0
Glenn W. Muschert,0
Enas Nashef,0
Samah Nazzal,0
Nadia Nwayhed,0
Mohammed Omar,3
Amani Abdullatif Omer,0
Liza Deborah Lindley Owen,0
Mauro Fernandes Pereira,0
Joud Jabri Pickett,0
Emilio Porcu,0
Gareth Price,0
Aamir Younis Raja,0
Dragana Randelovic,0
Mohamed Kamel Riahi,0
John A. Rock,0
Mohd Halim Shariff,0
Waldo Arriagada Silva,0
Mutasem Omar Sinnokrot,0
Tom Skarpas,0
Paschalis C. Sofotasios,0
Samira Stitou,0
Hazim Subhiyyah,0
Sean Shan Min Swei,0
Kamal Salih Taha,0
Daicy Vaz,0
Alexander Wollenberg,0
Yit Fatt Yap,0
Chan Yeob Yeun,0
David Anthony Young,0
Mohammad Zeidan,0
Hatem Zeineldin,0
Elias Zikkos,0
Jorge Passamani Zubelli,0
